2025-04-10 15:31:53.420839 - Received SBGOLOB.CBT509.FILE931 from FILE931.XMI 
2025-04-10 15:31:53.424508 - Found $$$#DATE.txt (text/plain) in SBGOLOB.CBT509.FILE931, moved to PDS/$$$#DATE
2025-04-10 15:31:53.424628 - Found #READMEC.txt (text/plain) in SBGOLOB.CBT509.FILE931, moved to PDS/#READMEC
2025-04-10 15:31:53.424741 - Found #READMER.txt (text/plain) in SBGOLOB.CBT509.FILE931, moved to PDS/#READMER
2025-04-10 15:31:53.424854 - Found @FILE931.txt (text/plain) in SBGOLOB.CBT509.FILE931, moved to PDS/@FILE931
2025-04-10 15:31:53.424959 - Found CLST0001.txt (text/plain) in SBGOLOB.CBT509.FILE931, moved to PDS/CLST0001
2025-04-10 15:31:53.425063 - Found CLST0002.txt (text/plain) in SBGOLOB.CBT509.FILE931, moved to PDS/CLST0002
2025-04-10 15:31:53.425184 - Found CLST0003.txt (text/plain) in SBGOLOB.CBT509.FILE931, moved to PDS/CLST0003
2025-04-10 15:31:53.425281 - Found CLST0004.txt (text/plain) in SBGOLOB.CBT509.FILE931, moved to PDS/CLST0004
2025-04-10 15:31:53.425385 - Found CLST0005.txt (text/plain) in SBGOLOB.CBT509.FILE931, moved to PDS/CLST0005
2025-04-10 15:31:53.425506 - Found CLST0006.txt (text/plain) in SBGOLOB.CBT509.FILE931, moved to PDS/CLST0006
2025-04-10 15:31:53.425607 - Found CLST0007.txt (text/plain) in SBGOLOB.CBT509.FILE931, moved to PDS/CLST0007
2025-04-10 15:31:53.425701 - Found CLST0008.txt (text/plain) in SBGOLOB.CBT509.FILE931, moved to PDS/CLST0008
2025-04-10 15:31:53.425807 - Found CLST0009.txt (text/plain) in SBGOLOB.CBT509.FILE931, moved to PDS/CLST0009
2025-04-10 15:31:53.425919 - Found CLST0010.txt (text/plain) in SBGOLOB.CBT509.FILE931, moved to PDS/CLST0010
2025-04-10 15:31:53.426035 - Found CLST0011.txt (text/plain) in SBGOLOB.CBT509.FILE931, moved to PDS/CLST0011
2025-04-10 15:31:53.426148 - Found CLST0012.txt (text/plain) in SBGOLOB.CBT509.FILE931, moved to PDS/CLST0012
2025-04-10 15:31:53.426259 - Found CLST0013.txt (text/plain) in SBGOLOB.CBT509.FILE931, moved to PDS/CLST0013
2025-04-10 15:31:53.426372 - Found CLST0014.txt (text/plain) in SBGOLOB.CBT509.FILE931, moved to PDS/CLST0014
2025-04-10 15:31:53.426486 - Found CLST0015.txt (text/plain) in SBGOLOB.CBT509.FILE931, moved to PDS/CLST0015
2025-04-10 15:31:53.426608 - Found CLST0016.txt (text/plain) in SBGOLOB.CBT509.FILE931, moved to PDS/CLST0016
2025-04-10 15:31:53.426743 - Found CLST0017.txt (text/plain) in SBGOLOB.CBT509.FILE931, moved to PDS/CLST0017
2025-04-10 15:31:53.426875 - Found CLST0018.txt (text/plain) in SBGOLOB.CBT509.FILE931, moved to PDS/CLST0018
2025-04-10 15:31:53.427000 - Found CLST0019.txt (text/plain) in SBGOLOB.CBT509.FILE931, moved to PDS/CLST0019
2025-04-10 15:31:53.427144 - Found CLST0020.txt (text/plain) in SBGOLOB.CBT509.FILE931, moved to PDS/CLST0020
2025-04-10 15:31:53.427267 - Found CLST0021.txt (text/plain) in SBGOLOB.CBT509.FILE931, moved to PDS/CLST0021
2025-04-10 15:31:53.427374 - Found CLST0022.txt (text/plain) in SBGOLOB.CBT509.FILE931, moved to PDS/CLST0022
2025-04-10 15:31:53.427474 - Found CLST0023.txt (text/plain) in SBGOLOB.CBT509.FILE931, moved to PDS/CLST0023
2025-04-10 15:31:53.427585 - Found CLST0024.txt (text/plain) in SBGOLOB.CBT509.FILE931, moved to PDS/CLST0024
2025-04-10 15:31:53.427695 - Found CLST0025.txt (text/plain) in SBGOLOB.CBT509.FILE931, moved to PDS/CLST0025
2025-04-10 15:31:53.427802 - Found CLST0026.txt (text/plain) in SBGOLOB.CBT509.FILE931, moved to PDS/CLST0026
2025-04-10 15:31:53.427907 - Found CLST0027.txt (text/plain) in SBGOLOB.CBT509.FILE931, moved to PDS/CLST0027
2025-04-10 15:31:53.428010 - Found CLST0028.txt (text/plain) in SBGOLOB.CBT509.FILE931, moved to PDS/CLST0028
2025-04-10 15:31:53.428117 - Found CLST0029.txt (text/plain) in SBGOLOB.CBT509.FILE931, moved to PDS/CLST0029
2025-04-10 15:31:53.428217 - Found CLST0030.txt (text/plain) in SBGOLOB.CBT509.FILE931, moved to PDS/CLST0030
2025-04-10 15:31:53.428337 - Found CLST0031.txt (text/plain) in SBGOLOB.CBT509.FILE931, moved to PDS/CLST0031
2025-04-10 15:31:53.428447 - Found CLST0032.txt (text/plain) in SBGOLOB.CBT509.FILE931, moved to PDS/CLST0032
2025-04-10 15:31:53.428555 - Found CLST0033.txt (text/plain) in SBGOLOB.CBT509.FILE931, moved to PDS/CLST0033
2025-04-10 15:31:53.428658 - Found CLST0034.txt (text/plain) in SBGOLOB.CBT509.FILE931, moved to PDS/CLST0034
2025-04-10 15:31:53.428765 - Found CLST0035.txt (text/plain) in SBGOLOB.CBT509.FILE931, moved to PDS/CLST0035
2025-04-10 15:31:53.428876 - Found CLST0036.txt (text/plain) in SBGOLOB.CBT509.FILE931, moved to PDS/CLST0036
2025-04-10 15:31:53.428983 - Found CLST0037.txt (text/plain) in SBGOLOB.CBT509.FILE931, moved to PDS/CLST0037
2025-04-10 15:31:53.429081 - Found CLST0038.txt (text/plain) in SBGOLOB.CBT509.FILE931, moved to PDS/CLST0038
2025-04-10 15:31:53.429178 - Found CLST0039.txt (text/plain) in SBGOLOB.CBT509.FILE931, moved to PDS/CLST0039
2025-04-10 15:31:53.429285 - Found CLST0040.txt (text/plain) in SBGOLOB.CBT509.FILE931, moved to PDS/CLST0040
2025-04-10 15:31:53.429398 - Found CLST0041.txt (text/plain) in SBGOLOB.CBT509.FILE931, moved to PDS/CLST0041
2025-04-10 15:31:53.429501 - Found CLST0042.txt (text/plain) in SBGOLOB.CBT509.FILE931, moved to PDS/CLST0042
2025-04-10 15:31:53.429605 - Found CLST0043.txt (text/plain) in SBGOLOB.CBT509.FILE931, moved to PDS/CLST0043
2025-04-10 15:31:53.429708 - Found CLST0044.txt (text/plain) in SBGOLOB.CBT509.FILE931, moved to PDS/CLST0044
2025-04-10 15:31:53.429812 - Found CLST0045.txt (text/plain) in SBGOLOB.CBT509.FILE931, moved to PDS/CLST0045
2025-04-10 15:31:53.429914 - Found CLST0046.txt (text/plain) in SBGOLOB.CBT509.FILE931, moved to PDS/CLST0046
2025-04-10 15:31:53.430028 - Found CLST0047.txt (text/plain) in SBGOLOB.CBT509.FILE931, moved to PDS/CLST0047
2025-04-10 15:31:53.430171 - Found CLST0048.txt (text/plain) in SBGOLOB.CBT509.FILE931, moved to PDS/CLST0048
2025-04-10 15:31:53.430277 - Found CLST0049.txt (text/plain) in SBGOLOB.CBT509.FILE931, moved to PDS/CLST0049
2025-04-10 15:31:53.430394 - Found CLST0050.txt (text/plain) in SBGOLOB.CBT509.FILE931, moved to PDS/CLST0050
2025-04-10 15:31:53.430500 - Found CLST0051.txt (text/plain) in SBGOLOB.CBT509.FILE931, moved to PDS/CLST0051
2025-04-10 15:31:53.430603 - Found CLST0052.txt (text/plain) in SBGOLOB.CBT509.FILE931, moved to PDS/CLST0052
2025-04-10 15:31:53.430745 - Found CLST0053.txt (text/plain) in SBGOLOB.CBT509.FILE931, moved to PDS/CLST0053
2025-04-10 15:31:53.430845 - Found CLST0054.txt (text/plain) in SBGOLOB.CBT509.FILE931, moved to PDS/CLST0054
2025-04-10 15:31:53.430946 - Found CLST0055.txt (text/plain) in SBGOLOB.CBT509.FILE931, moved to PDS/CLST0055
2025-04-10 15:31:53.431046 - Found CLST0056.txt (text/plain) in SBGOLOB.CBT509.FILE931, moved to PDS/CLST0056
2025-04-10 15:31:53.431143 - Found CLST0057.txt (text/plain) in SBGOLOB.CBT509.FILE931, moved to PDS/CLST0057
2025-04-10 15:31:53.431243 - Found CLST0058.txt (text/plain) in SBGOLOB.CBT509.FILE931, moved to PDS/CLST0058
2025-04-10 15:31:53.431349 - Found CLST0059.txt (text/plain) in SBGOLOB.CBT509.FILE931, moved to PDS/CLST0059
2025-04-10 15:31:53.431455 - Found CLST0060.txt (text/plain) in SBGOLOB.CBT509.FILE931, moved to PDS/CLST0060
2025-04-10 15:31:53.431557 - Found CLST0061.bin (application/octet-stream) in SBGOLOB.CBT509.FILE931, moved to PDS/CLST0061
2025-04-10 15:31:53.431662 - Found REXX0001.rexx (text/plain) in SBGOLOB.CBT509.FILE931, moved to PDS/REXX0001
2025-04-10 15:31:53.431772 - Found REXX0002.rexx (text/plain) in SBGOLOB.CBT509.FILE931, moved to PDS/REXX0002
2025-04-10 15:31:53.431872 - Found REXX0003.rexx (text/plain) in SBGOLOB.CBT509.FILE931, moved to PDS/REXX0003
2025-04-10 15:31:53.431977 - Found REXX0004.rexx (text/plain) in SBGOLOB.CBT509.FILE931, moved to PDS/REXX0004
2025-04-10 15:31:53.432088 - Found REXX0005.rexx (text/plain) in SBGOLOB.CBT509.FILE931, moved to PDS/REXX0005
2025-04-10 15:31:53.432186 - Found REXX0006.rexx (text/plain) in SBGOLOB.CBT509.FILE931, moved to PDS/REXX0006
2025-04-10 15:31:53.432282 - Found REXX0007.rexx (text/plain) in SBGOLOB.CBT509.FILE931, moved to PDS/REXX0007
2025-04-10 15:31:53.432384 - Found REXX0008.rexx (text/plain) in SBGOLOB.CBT509.FILE931, moved to PDS/REXX0008
2025-04-10 15:31:53.432494 - Found REXX0009.rexx (text/plain) in SBGOLOB.CBT509.FILE931, moved to PDS/REXX0009
2025-04-10 15:31:53.432596 - Found REXX0010.rexx (text/plain) in SBGOLOB.CBT509.FILE931, moved to PDS/REXX0010
2025-04-10 15:31:53.432700 - Found REXX0011.rexx (text/plain) in SBGOLOB.CBT509.FILE931, moved to PDS/REXX0011
2025-04-10 15:31:53.432814 - Found REXX0012.rexx (text/plain) in SBGOLOB.CBT509.FILE931, moved to PDS/REXX0012
2025-04-10 15:31:53.432921 - Found REXX0013.rexx (text/plain) in SBGOLOB.CBT509.FILE931, moved to PDS/REXX0013
2025-04-10 15:31:53.433019 - Found REXX0014.rexx (text/plain) in SBGOLOB.CBT509.FILE931, moved to PDS/REXX0014
2025-04-10 15:31:53.433119 - Found REXX0015.rexx (text/plain) in SBGOLOB.CBT509.FILE931, moved to PDS/REXX0015
2025-04-10 15:31:53.433224 - Found REXX0016.rexx (text/plain) in SBGOLOB.CBT509.FILE931, moved to PDS/REXX0016
2025-04-10 15:31:53.433331 - Found REXX0017.rexx (text/plain) in SBGOLOB.CBT509.FILE931, moved to PDS/REXX0017
2025-04-10 15:31:53.433431 - Found REXX0018.rexx (text/plain) in SBGOLOB.CBT509.FILE931, moved to PDS/REXX0018
2025-04-10 15:31:53.433525 - Found REXX0019.rexx (text/plain) in SBGOLOB.CBT509.FILE931, moved to PDS/REXX0019
2025-04-10 15:31:53.433631 - Found REXX0020.rexx (text/plain) in SBGOLOB.CBT509.FILE931, moved to PDS/REXX0020
2025-04-10 15:31:53.433742 - Found REXX0021.rexx (text/plain) in SBGOLOB.CBT509.FILE931, moved to PDS/REXX0021
2025-04-10 15:31:53.433841 - Found REXX0022.rexx (text/plain) in SBGOLOB.CBT509.FILE931, moved to PDS/REXX0022
2025-04-10 15:31:53.433939 - Found REXX0023.rexx (text/plain) in SBGOLOB.CBT509.FILE931, moved to PDS/REXX0023
2025-04-10 15:31:53.434045 - Found REXX0024.rexx (text/plain) in SBGOLOB.CBT509.FILE931, moved to PDS/REXX0024
2025-04-10 15:31:53.434149 - Found REXX0025.rexx (text/plain) in SBGOLOB.CBT509.FILE931, moved to PDS/REXX0025
2025-04-10 15:31:53.434247 - Found REXX0026.rexx (text/plain) in SBGOLOB.CBT509.FILE931, moved to PDS/REXX0026
2025-04-10 15:31:53.434348 - Found REXX0027.rexx (text/plain) in SBGOLOB.CBT509.FILE931, moved to PDS/REXX0027
2025-04-10 15:31:53.434494 - Found REXX0028.rexx (text/plain) in SBGOLOB.CBT509.FILE931, moved to PDS/REXX0028
2025-04-10 15:31:53.434595 - Found REXX0029.rexx (text/plain) in SBGOLOB.CBT509.FILE931, moved to PDS/REXX0029
2025-04-10 15:31:53.434690 - Found REXX0030.rexx (text/plain) in SBGOLOB.CBT509.FILE931, moved to PDS/REXX0030
2025-04-10 15:31:53.434800 - Found REXX0031.rexx (text/plain) in SBGOLOB.CBT509.FILE931, moved to PDS/REXX0031
2025-04-10 15:31:53.434909 - Found REXX0032.rexx (text/plain) in SBGOLOB.CBT509.FILE931, moved to PDS/REXX0032
2025-04-10 15:31:53.435009 - Found REXX0033.rexx (text/plain) in SBGOLOB.CBT509.FILE931, moved to PDS/REXX0033
2025-04-10 15:31:53.435111 - Found REXX0034.rexx (text/plain) in SBGOLOB.CBT509.FILE931, moved to PDS/REXX0034
2025-04-10 15:31:53.435219 - Found REXX0035.rexx (text/plain) in SBGOLOB.CBT509.FILE931, moved to PDS/REXX0035
2025-04-10 15:31:53.435329 - Found REXX0036.rexx (text/plain) in SBGOLOB.CBT509.FILE931, moved to PDS/REXX0036
2025-04-10 15:31:53.435426 - Found REXX0037.rexx (text/plain) in SBGOLOB.CBT509.FILE931, moved to PDS/REXX0037
2025-04-10 15:31:53.435523 - Found REXX0038.rexx (text/plain) in SBGOLOB.CBT509.FILE931, moved to PDS/REXX0038
2025-04-10 15:31:53.435625 - Found REXX0039.rexx (text/plain) in SBGOLOB.CBT509.FILE931, moved to PDS/REXX0039
2025-04-10 15:31:53.435723 - Found REXX0040.rexx (text/plain) in SBGOLOB.CBT509.FILE931, moved to PDS/REXX0040
2025-04-10 15:31:53.435823 - Found REXX0041.rexx (text/plain) in SBGOLOB.CBT509.FILE931, moved to PDS/REXX0041
2025-04-10 15:31:53.435929 - Found REXX0042.rexx (text/plain) in SBGOLOB.CBT509.FILE931, moved to PDS/REXX0042
2025-04-10 15:31:53.436029 - Found REXX0043.rexx (text/plain) in SBGOLOB.CBT509.FILE931, moved to PDS/REXX0043
2025-04-10 15:31:53.436135 - Found REXX0044.rexx (text/plain) in SBGOLOB.CBT509.FILE931, moved to PDS/REXX0044
2025-04-10 15:31:53.436238 - Found REXX0045.rexx (text/plain) in SBGOLOB.CBT509.FILE931, moved to PDS/REXX0045
2025-04-10 15:31:53.436337 - Found REXX0046.rexx (text/plain) in SBGOLOB.CBT509.FILE931, moved to PDS/REXX0046
2025-04-10 15:31:53.436436 - Found REXX0047.rexx (text/plain) in SBGOLOB.CBT509.FILE931, moved to PDS/REXX0047
2025-04-10 15:31:53.436542 - Found REXX0048.rexx (text/plain) in SBGOLOB.CBT509.FILE931, moved to PDS/REXX0048
2025-04-10 15:31:53.436640 - Found REXX0049.rexx (text/plain) in SBGOLOB.CBT509.FILE931, moved to PDS/REXX0049
2025-04-10 15:31:53.436738 - Found REXX0050.rexx (text/plain) in SBGOLOB.CBT509.FILE931, moved to PDS/REXX0050
2025-04-10 15:31:53.436842 - Found REXX0051.rexx (text/plain) in SBGOLOB.CBT509.FILE931, moved to PDS/REXX0051
2025-04-10 15:31:53.436950 - Found REXX0052.rexx (text/plain) in SBGOLOB.CBT509.FILE931, moved to PDS/REXX0052
2025-04-10 15:31:53.437053 - Found REXX0053.rexx (text/plain) in SBGOLOB.CBT509.FILE931, moved to PDS/REXX0053
2025-04-10 15:31:53.437155 - Found REXX0054.rexx (text/plain) in SBGOLOB.CBT509.FILE931, moved to PDS/REXX0054
2025-04-10 15:31:53.437254 - Found REXX0055.rexx (text/plain) in SBGOLOB.CBT509.FILE931, moved to PDS/REXX0055
2025-04-10 15:31:53.437355 - Found REXX0056.rexx (text/plain) in SBGOLOB.CBT509.FILE931, moved to PDS/REXX0056
2025-04-10 15:31:53.437453 - Found REXX0057.rexx (text/plain) in SBGOLOB.CBT509.FILE931, moved to PDS/REXX0057
2025-04-10 15:31:53.437549 - Found REXX0058.rexx (text/plain) in SBGOLOB.CBT509.FILE931, moved to PDS/REXX0058
2025-04-10 15:31:53.437645 - Found REXX0059.rexx (text/plain) in SBGOLOB.CBT509.FILE931, moved to PDS/REXX0059
2025-04-10 15:31:53.437767 - Found REXX0060.rexx (text/plain) in SBGOLOB.CBT509.FILE931, moved to PDS/REXX0060
2025-04-10 15:31:53.437862 - Found REXX0061.bin (application/octet-stream) in SBGOLOB.CBT509.FILE931, moved to PDS/REXX0061
